<?xml version="1.0" encoding="UTF-8"?>
<!-- Generated by org.testng.reporters.JUnitReportReporter -->
<testsuite hostname="Sahaj_PC" failures="0" tests="1" name="RestAsssuredPractice.RestAsssuredPractice2023.HandlingStaticjsonFiles" time="1.685" errors="0" timestamp="2023-12-31T21:49:23 IST" skipped="0">
  <testcase classname="RestAsssuredPractice.RestAsssuredPractice2023.HandlingStaticjsonFiles" name="HandleStaticJsonFiles" time="1.685"/>
</testsuite> <!-- RestAsssuredPractice.RestAsssuredPractice2023.HandlingStaticjsonFiles -->
