<?xml version="1.0" encoding="UTF-8"?>
<!-- Generated by org.testng.reporters.JUnitReportReporter -->
<testsuite hostname="Sahaj_PC" failures="0" tests="1" name="RestAsssuredPractice.RestAsssuredPractice2023.OAuthAuthorizationCodeGrantType" time="2.993" errors="0" timestamp="2024-01-09T21:03:14 IST" skipped="0">
  <testcase classname="RestAsssuredPractice.RestAsssuredPractice2023.OAuthAuthorizationCodeGrantType" name="AuthorizationCode" time="2.993"/>
</testsuite> <!-- RestAsssuredPractice.RestAsssuredPractice2023.OAuthAuthorizationCodeGrantType -->
