<?xml version="1.0" encoding="UTF-8"?>
<!-- Generated by org.testng.reporters.JUnitReportReporter -->
<testsuite hostname="Sahaj_PC" failures="0" tests="1" name="Serialization.SerializarionExample" time="2.368" errors="0" timestamp="2024-01-14T00:47:00 IST" skipped="0">
  <testcase classname="Serialization.SerializarionExample" name="SerializatingGoogleLocationPayload" time="2.368"/>
</testsuite> <!-- Serialization.SerializarionExample -->
