<?xml version="1.0" encoding="UTF-8"?>
<!-- Generated by org.testng.reporters.JUnitReportReporter -->
<testsuite hostname="Sahaj_PC" failures="0" tests="1" name="RestAsssuredPractice.RestAsssuredPractice2023.OAuthClientCredentialsGrantType" time="1.848" errors="0" timestamp="2024-01-10T21:49:09 IST" skipped="0">
  <testcase classname="RestAsssuredPractice.RestAsssuredPractice2023.OAuthClientCredentialsGrantType" name="ClientCredentialsOAuth" time="1.848"/>
</testsuite> <!-- RestAsssuredPractice.RestAsssuredPractice2023.OAuthClientCredentialsGrantType -->
