<?xml version="1.0" encoding="UTF-8"?>
<!-- Generated by org.testng.reporters.JUnitReportReporter -->
<testsuite hostname="Sahaj_PC" failures="0" tests="1" name="EcommerceE2E.ECommerceEndToEnd" time="2.695" errors="0" timestamp="2024-01-24T16:41:57 IST" skipped="0">
  <testcase classname="EcommerceE2E.ECommerceEndToEnd" name="EcommerceExample" time="2.695"/>
</testsuite> <!-- EcommerceE2E.ECommerceEndToEnd -->
